[debug] [2023-12-05T04:52:05.204Z] ----------------------------------------------------------------------
[debug] [2023-12-05T04:52:05.207Z] Command:       /usr/local/bin/node /Users/prasad/.npm-global/bin/firebase init
[debug] [2023-12-05T04:52:05.207Z] CLI Version:   12.9.1
[debug] [2023-12-05T04:52:05.208Z] Platform:      darwin
[debug] [2023-12-05T04:52:05.208Z] Node Version:  v18.12.1
[debug] [2023-12-05T04:52:05.209Z] Time:          Tue Dec 05 2023 10:22:05 GMT+0530 (India Standard Time)
[debug] [2023-12-05T04:52:05.209Z] ----------------------------------------------------------------------
[debug] 
[debug] [2023-12-05T04:52:05.216Z] > command requires scopes: ["email","openid","https://www.googleapis.com/auth/cloudplatformprojects.readonly","https://www.googleapis.com/auth/firebase","https://www.googleapis.com/auth/cloud-platform"]
[debug] [2023-12-05T04:52:05.217Z] > authorizing via signed-in user (pawankulal9@gmail.com)
[info] 
     ######## #### ########  ######## ########     ###     ######  ########
     ##        ##  ##     ## ##       ##     ##  ##   ##  ##       ##
     ######    ##  ########  ######   ########  #########  ######  ######
     ##        ##  ##    ##  ##       ##     ## ##     ##       ## ##
     ##       #### ##     ## ######## ########  ##     ##  ######  ########

You're about to initialize a Firebase project in this directory:

  /Users/prasad/Documents/int_projects/Messenger/messenger

[info] 
=== Project Setup
[info] 
[info] First, let's associate this project directory with a Firebase project.
[info] You can create multiple project aliases by running firebase use --add, 
[info] but for now we'll just set up a default project.
[info] 
[debug] [2023-12-05T04:55:31.482Z] >>> [apiv2][query] GET https://firebase.googleapis.com/v1beta1/projects pageSize=100
[debug] [2023-12-05T04:55:33.353Z] <<< [apiv2][status] GET https://firebase.googleapis.com/v1beta1/projects 200
[debug] [2023-12-05T04:55:33.354Z] <<< [apiv2][body] GET https://firebase.googleapis.com/v1beta1/projects [omitted]
[info] i  Using project messenger-24a67 (messenger) 
[info] 
=== Hosting Setup
[debug] [2023-12-05T04:55:40.305Z] >>> [apiv2][query] GET https://firebase.googleapis.com/v1beta1/projects/messenger-24a67 [none]
[debug] [2023-12-05T04:55:41.368Z] <<< [apiv2][status] GET https://firebase.googleapis.com/v1beta1/projects/messenger-24a67 200
[debug] [2023-12-05T04:55:41.368Z] <<< [apiv2][body] GET https://firebase.googleapis.com/v1beta1/projects/messenger-24a67 {"projectId":"messenger-24a67","projectNumber":"1019070815569","displayName":"messenger","name":"projects/messenger-24a67","resources":{"hostingSite":"messenger-24a67","locationId":"us-central"},"state":"ACTIVE","etag":"1_b3951657-1425-4e42-8629-daca8c8d41d3"}
[info] 
[info] Your public directory is the folder (relative to your project directory) that
[info] will contain Hosting assets to be uploaded with firebase deploy. If you
[info] have a build process for your assets, use your build's output directory.
[info] 
[info] ✔  Wrote public/404.html 
[debug] [2023-12-05T04:57:42.272Z] >>> [apiv2][query] GET https://www.gstatic.com/firebasejs/releases.json [none]
[debug] [2023-12-05T04:57:42.687Z] <<< [apiv2][status] GET https://www.gstatic.com/firebasejs/releases.json 200
[debug] [2023-12-05T04:57:42.688Z] <<< [apiv2][body] GET https://www.gstatic.com/firebasejs/releases.json {"current":{"version":"10.7.0","browserURL":"https://www.gstatic.com/firebasejs/10.7.0/firebase.js","packageURL":"https://www.gstatic.com/firebasejs/10.7.0/firebase.tgz"},"live":{"version":"10.7","browserURL":"https://www.gstatic.com/firebasejs/live/10.7/firebase.js","packageURL":"https://www.gstatic.com/firebasejs/live/10.7/firebase.tgz"},"components":{"analytics":"https://www.gstatic.com/firebasejs/10.7.0/firebase-analytics.js","app":"https://www.gstatic.com/firebasejs/10.7.0/firebase-app.js","app-check":"https://www.gstatic.com/firebasejs/10.7.0/firebase-app-check.js","auth":"https://www.gstatic.com/firebasejs/10.7.0/firebase-auth.js","auth/cordova":"https://www.gstatic.com/firebasejs/10.7.0/firebase-auth/cordova.js","functions":"https://www.gstatic.com/firebasejs/10.7.0/firebase-functions.js","firestore":"https://www.gstatic.com/firebasejs/10.7.0/firebase-firestore.js","firestore/lite":"https://www.gstatic.com/firebasejs/10.7.0/firebase-firestore/lite.js","installations":"https://www.gstatic.com/firebasejs/10.7.0/firebase-installations.js","storage":"https://www.gstatic.com/firebasejs/10.7.0/firebase-storage.js","performance":"https://www.gstatic.com/firebasejs/10.7.0/firebase-performance.js","remote-config":"https://www.gstatic.com/firebasejs/10.7.0/firebase-remote-config.js","messaging":"https://www.gstatic.com/firebasejs/10.7.0/firebase-messaging.js","messaging/sw":"https://www.gstatic.com/firebasejs/10.7.0/firebase-messaging/sw.js","database":"https://www.gstatic.com/firebasejs/10.7.0/firebase-database.js","firestore.memory":"https://www.gstatic.com/firebasejs/10.7.0/firebase-firestore.memory.js"}}
[info] i  Skipping write of public/index.html 
[info] 
[info] i  Detected a .git folder at /Users/prasad/Documents/int_projects/Messenger/messenger 
[info] i  Authorizing with GitHub to upload your service account to a GitHub repository's secrets store. 
[info] 
[info] Visit this URL on this device to log in:
[info] https://github.com/login/oauth/authorize?client_id=89cf50f02ac6aaed3484&state=558609491&redirect_uri=http%3A%2F%2Flocalhost%3A9005&scope=read%3Auser%20repo%20public_repo
[info] 
[info] Waiting for authentication...
[debug] [2023-12-05T04:59:18.815Z] >>> [apiv2][query] POST https://github.com/login/oauth/access_token [none]
[debug] [2023-12-05T04:59:18.816Z] >>> [apiv2][body] POST https://github.com/login/oauth/access_token [stream]
[debug] [2023-12-05T04:59:19.634Z] <<< [apiv2][status] POST https://github.com/login/oauth/access_token 200
[debug] [2023-12-05T04:59:19.634Z] <<< [apiv2][body] POST https://github.com/login/oauth/access_token {"access_token":"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","token_type":"bearer","scope":"read:user,repo"}
[debug] [2023-12-05T04:59:19.657Z] >>> [apiv2][query] GET https://api.github.com/user [none]
[debug] [2023-12-05T04:59:20.452Z] <<< [apiv2][status] GET https://api.github.com/user 200
[debug] [2023-12-05T04:59:20.453Z] <<< [apiv2][body] GET https://api.github.com/user {"login":"Pavankulal9","id":114279960,"node_id":"U_kgDOBs_GGA","avatar_url":"https://avatars.githubusercontent.com/u/114279960?v=4","gravatar_id":"","url":"https://api.github.com/users/Pavankulal9","html_url":"https://github.com/Pavankulal9","followers_url":"https://api.github.com/users/Pavankulal9/followers","following_url":"https://api.github.com/users/Pavankulal9/following{/other_user}","gists_url":"https://api.github.com/users/Pavankulal9/gists{/gist_id}","starred_url":"https://api.github.com/users/Pavankulal9/starred{/owner}{/repo}","subscriptions_url":"https://api.github.com/users/Pavankulal9/subscriptions","organizations_url":"https://api.github.com/users/Pavankulal9/orgs","repos_url":"https://api.github.com/users/Pavankulal9/repos","events_url":"https://api.github.com/users/Pavankulal9/events{/privacy}","received_events_url":"https://api.github.com/users/Pavankulal9/received_events","type":"User","site_admin":false,"name":"Pavan","company":null,"blog":"","location":null,"email":null,"hireable":null,"bio":"Im Currently doing projects on React. I'm fascinated  with React and want to know more about it to optimise  the performance of my react project . ","twitter_username":null,"public_repos":3,"public_gists":0,"followers":1,"following":1,"created_at":"2022-09-24T06:39:03Z","updated_at":"2023-11-20T05:44:10Z","private_gists":0,"total_private_repos":1,"owned_private_repos":1,"disk_usage":94447,"collaborators":0,"two_factor_authentication":false,"plan":{"name":"free","space":976562499,"collaborators":0,"private_repos":10000}}
[info] 
[info] ✔  Success! Logged into GitHub as Pavankulal9 
[info] 
